Loop Trax
jazzbeth vs ypercube
@0/ @1/ A2+ @2+ B0/ A2+ A0/ @3\ B0+ C1/ D1+ @3/ @1+ C0/ G2\ F7/ E0/ F1/ F0/ G1/ H1+ G0+ I2/ H6+ I6/ J5\ I1/ I0/ I8+ J9/ C2\ E1+ I0+ J3+ K4+ K8/ L6\ L10+ I11\ H12+ E13\ @8+ D11+ G14/ L3/ N3+ L1/ M2+ C3+ C2\ C1\ O6\ O7+ O9\ N10+ P6+ P9+ P3/ O1+ Q3\