Trax
jazzbeth vs ypercube
@0/ @1/ B2/ C2/ C3/ D3/ D4/ E4/ E5/ F5/ F6/ G6/ G7/ H7/ H8/ I8/ I9/ J9/ J10/ J11/ A0/ J13/ K13+ L13+ L11/ M13+ L14/ N11+ O12/ I14/ K15+ K16/ I11+ H12+ H10+ G13/ H14+ F13/ O10/ P10/ J9/ L9+ M9+ N8\ I15/ G15\ H16+ H17/ H18+ H19/ G10/ H20+ I8+ I7\ H6/ J7+ M7+ O8/ N7+ P9+ N6+ O6+ N5\ P6/ Q7/ N4+ Q10/ R9\ R8+ H21+ F14+ I19\ E12+ D12\ L8+ S7+ S9\ S6/ T7\ P11\ M14+ H22/ K17/ I20\ G21/ M15\ F16+ E17\ G18+ F19+ D16/ E14+ E10+ C17\ K18+ J21+ I22+ R5+ M4+ L4/ K6+ K5+ M3/ O4+ J4+ J3\ M2/ N1\ H5+ C11/ D14/ B18+ E20+ E22+ C21+ D22/ E23+ A21+ @20+ B18+ O14+ Q14+ S11+ U8+ V9/ V7+ S4/ T3\ H23+ F24/ C22+ G25/ O16+ P17+ M19+ K23/ F25+ T12+ R15+ T15+ U12/ V12/ U10+ W6/ U5+ W9+ Q19\ W8+