Trax
tsiegen vs kbalakri
@0+ B1+ C1\ C2\ D2/ C3/ E2\ E3\ D4\ F2/ E1\ D0/ G4+ F5\ C6/ B5\ A5\ F1/ F0/ H4+